
> @pedrovs3/docs@1.0.0 build C:\Users\pedro.silva\WebstormProjects\design-system\packages\docs
> storybook build

@storybook/cli v7.4.6

info => Cleaning outputDir: \storybook-static
info => Loading presets
info => Building manager..
info => Manager built (449 ms)
info => Copying static files: C:\Users\pedro.silva\WebstormProjects\design-system\node_modules\.pnpm\@storybook+manager@7.4.6\node_modules\@storybook\manager\static at C:\Users\pedro.silva\WebstormProjects\design-system\packages\docs\storybook-static\sb-common-assets
[36mvite v4.4.11 [32mbuilding for production...[36m[39m

./sb-common-assets/fonts.css doesn't exist at build time, it will remain unchanged to be resolved at runtime
transforming...
WARN Expected '@storybook/addon-actions' (or '@storybook/addon-essentials') to be listed before '@storybook/addon-interactions' in main Storybook config.
../../node_modules/.pnpm/telejson@7.2.0/node_modules/telejson/dist/index.mjs (1413:15) Use of eval in "../../node_modules/.pnpm/telejson@7.2.0/node_modules/telejson/dist/index.mjs" is strongly discouraged as it poses security risks and may cause issues with minification.
../../node_modules/.pnpm/telejson@7.2.0/node_modules/telejson/dist/index.mjs (1416:18) Use of eval in "../../node_modules/.pnpm/telejson@7.2.0/node_modules/telejson/dist/index.mjs" is strongly discouraged as it poses security risks and may cause issues with minification.
[32m✓[39m 614 modules transformed.
rendering chunks...
computing gzip size...
[2mstorybook-static/[22m[32miframe.html                                         [39m[1m[2m 13.20 kB[22m[1m[22m[2m │ gzip:   3.73 kB[22m
[2mstorybook-static/[22m[35massets/TokensGrid-dcf3495c.css                      [39m[1m[2m  0.38 kB[22m[1m[22m[2m │ gzip:   0.26 kB[22m
[2mstorybook-static/[22m[36massets/index-9eea8125.js                            [39m[1m[2m  0.25 kB[22m[1m[22m[2m │ gzip:   0.20 kB[22m[2m │ map:     0.10 kB[22m
[2mstorybook-static/[22m[36massets/preview-b5a106ec.js                          [39m[1m[2m  0.26 kB[22m[1m[22m[2m │ gzip:   0.24 kB[22m[2m │ map:     0.68 kB[22m
[2mstorybook-static/[22m[36massets/WithTooltip-4HIR6TLV-dc521f33.js             [39m[1m[2m  0.41 kB[22m[1m[22m[2m │ gzip:   0.26 kB[22m[2m │ map:     0.11 kB[22m
[2mstorybook-static/[22m[36massets/syntaxhighlighter-NMPM6SWI-946e651d.js       [39m[1m[2m  0.43 kB[22m[1m[22m[2m │ gzip:   0.29 kB[22m[2m │ map:     0.12 kB[22m
[2mstorybook-static/[22m[36massets/WithTooltip-J57HCPYA-e2f9b8af.js             [39m[1m[2m  0.51 kB[22m[1m[22m[2m │ gzip:   0.31 kB[22m[2m │ map:     0.11 kB[22m
[2mstorybook-static/[22m[36massets/syntaxhighlighter-PONEFOSF-892523a7.js       [39m[1m[2m  0.53 kB[22m[1m[22m[2m │ gzip:   0.33 kB[22m[2m │ map:     0.12 kB[22m
[2mstorybook-static/[22m[36massets/index-a1cf9e47.js                            [39m[1m[2m  0.53 kB[22m[1m[22m[2m │ gzip:   0.34 kB[22m[2m │ map:     4.29 kB[22m
[2mstorybook-static/[22m[36massets/preview-de0dd89e.js                          [39m[1m[2m  0.57 kB[22m[1m[22m[2m │ gzip:   0.36 kB[22m[2m │ map:     0.57 kB[22m
[2mstorybook-static/[22m[36massets/TokensGrid-6b97def3.js                       [39m[1m[2m  0.65 kB[22m[1m[22m[2m │ gzip:   0.37 kB[22m[2m │ map:     1.28 kB[22m
[2mstorybook-static/[22m[36massets/preview-87eac49b.js                          [39m[1m[2m  0.68 kB[22m[1m[22m[2m │ gzip:   0.48 kB[22m[2m │ map:     4.01 kB[22m
[2mstorybook-static/[22m[36massets/_commonjsHelpers-de833af9.js                 [39m[1m[2m  0.75 kB[22m[1m[22m[2m │ gzip:   0.43 kB[22m[2m │ map:     0.11 kB[22m
[2mstorybook-static/[22m[36massets/index-356e4a49.js                            [39m[1m[2m  0.81 kB[22m[1m[22m[2m │ gzip:   0.51 kB[22m[2m │ map:     3.25 kB[22m
[2mstorybook-static/[22m[36massets/preview-b3c37142.js                          [39m[1m[2m  0.90 kB[22m[1m[22m[2m │ gzip:   0.59 kB[22m[2m │ map:     2.99 kB[22m
[2mstorybook-static/[22m[36massets/index-fc577af1.js                            [39m[1m[2m  0.94 kB[22m[1m[22m[2m │ gzip:   0.52 kB[22m[2m │ map:     1.99 kB[22m
[2mstorybook-static/[22m[36massets/home.stories-367c9faf.js                     [39m[1m[2m  1.06 kB[22m[1m[22m[2m │ gzip:   0.60 kB[22m[2m │ map:     1.30 kB[22m
[2mstorybook-static/[22m[36massets/space.stories-1b52d6c4.js                    [39m[1m[2m  1.18 kB[22m[1m[22m[2m │ gzip:   0.64 kB[22m[2m │ map:     1.54 kB[22m
[2mstorybook-static/[22m[36massets/fonts.stories-0004dbbd.js                    [39m[1m[2m  1.20 kB[22m[1m[22m[2m │ gzip:   0.65 kB[22m[2m │ map:     1.55 kB[22m
[2mstorybook-static/[22m[36massets/font-size.stories-e221a6a7.js                [39m[1m[2m  1.21 kB[22m[1m[22m[2m │ gzip:   0.67 kB[22m[2m │ map:     1.58 kB[22m
[2mstorybook-static/[22m[36massets/font-weight.stories-b773ad15.js              [39m[1m[2m  1.22 kB[22m[1m[22m[2m │ gzip:   0.66 kB[22m[2m │ map:     1.59 kB[22m
[2mstorybook-static/[22m[36massets/line-height.stories-cc8316a1.js              [39m[1m[2m  1.23 kB[22m[1m[22m[2m │ gzip:   0.67 kB[22m[2m │ map:     1.60 kB[22m
[2mstorybook-static/[22m[36massets/radii.stories-5f823f35.js                    [39m[1m[2m  1.23 kB[22m[1m[22m[2m │ gzip:   0.67 kB[22m[2m │ map:     1.62 kB[22m
[2mstorybook-static/[22m[36massets/colors.stories-43e29121.js                   [39m[1m[2m  1.56 kB[22m[1m[22m[2m │ gzip:   0.84 kB[22m[2m │ map:     2.68 kB[22m
[2mstorybook-static/[22m[36massets/preview-bed967c6.js                          [39m[1m[2m  2.38 kB[22m[1m[22m[2m │ gzip:   1.24 kB[22m[2m │ map:    11.03 kB[22m
[33m
(!) Some chunks are larger than 500 kBs after minification. Consider:
- Using dynamic import() to code-split the application
- Use build.rollupOptions.output.manualChunks to improve chunking: https://rollupjs.org/configuration-options/#output-manualchunks
- Adjust chunk size limit for this warning via build.chunkSizeWarningLimit.[39m
[2mstorybook-static/[22m[36massets/index-d37d4223.js                            [39m[1m[2m  2.63 kB[22m[1m[22m[2m │ gzip:   1.30 kB[22m[2m │ map:     7.47 kB[22m
[2mstorybook-static/[22m[36massets/preview-15309724.js                          [39m[1m[2m  3.22 kB[22m[1m[22m[2m │ gzip:   1.39 kB[22m[2m │ map:    10.32 kB[22m
[2mstorybook-static/[22m[36massets/Color-6VNJS4EI-ed886bac.js                   [39m[1m[2m  5.52 kB[22m[1m[22m[2m │ gzip:   2.56 kB[22m[2m │ map:    16.46 kB[22m
[2mstorybook-static/[22m[36massets/Color-6VNJS4EI-1b454a0f.js                   [39m[1m[2m  5.59 kB[22m[1m[22m[2m │ gzip:   2.59 kB[22m[2m │ map:    16.06 kB[22m
[2mstorybook-static/[22m[36massets/iframe-4fe60afe.js                           [39m[1m[2m  6.81 kB[22m[1m[22m[2m │ gzip:   1.87 kB[22m[2m │ map:     6.44 kB[22m
[2mstorybook-static/[22m[36massets/index-76fb7be0.js                            [39m[1m[2m  7.21 kB[22m[1m[22m[2m │ gzip:   2.95 kB[22m[2m │ map:    15.69 kB[22m
[2mstorybook-static/[22m[36massets/preview-b8d6c68d.js                          [39m[1m[2m  7.67 kB[22m[1m[22m[2m │ gzip:   1.59 kB[22m[2m │ map:    14.30 kB[22m
[2mstorybook-static/[22m[36massets/preview-2059b184.js                          [39m[1m[2m  8.32 kB[22m[1m[22m[2m │ gzip:   3.20 kB[22m[2m │ map:    29.50 kB[22m
[2mstorybook-static/[22m[36massets/GlobalScrollAreaStyles-UY5SB7EJ-e6681114.js  [39m[1m[2m 15.11 kB[22m[1m[22m[2m │ gzip:   2.86 kB[22m[2m │ map:    21.45 kB[22m
[2mstorybook-static/[22m[36massets/Button.stories-c4ea7545.js                   [39m[1m[2m 19.95 kB[22m[1m[22m[2m │ gzip:   7.65 kB[22m[2m │ map:    43.06 kB[22m
[2mstorybook-static/[22m[36massets/preview-6751e51d.js                          [39m[1m[2m 21.12 kB[22m[1m[22m[2m │ gzip:   7.00 kB[22m[2m │ map:    68.39 kB[22m
[2mstorybook-static/[22m[36massets/chunk-6P7RB4HF-c879cb99.js                   [39m[1m[2m 21.63 kB[22m[1m[22m[2m │ gzip:   7.21 kB[22m[2m │ map:    49.65 kB[22m
[2mstorybook-static/[22m[36massets/throttle-07d1fce2.js                         [39m[1m[2m 25.74 kB[22m[1m[22m[2m │ gzip:   9.64 kB[22m[2m │ map:    96.73 kB[22m
[2mstorybook-static/[22m[36massets/OverlayScrollbars-GZGLA7DL-14afcb95.js       [39m[1m[2m 28.95 kB[22m[1m[22m[2m │ gzip:  14.20 kB[22m[2m │ map:   108.17 kB[22m
[2mstorybook-static/[22m[36massets/index-8a785fa0.js                            [39m[1m[2m 65.54 kB[22m[1m[22m[2m │ gzip:  18.50 kB[22m[2m │ map:   227.32 kB[22m
[2mstorybook-static/[22m[36massets/index-9d0fe189.js                            [39m[1m[2m 67.73 kB[22m[1m[22m[2m │ gzip:  24.59 kB[22m[2m │ map:   380.57 kB[22m
[2mstorybook-static/[22m[36massets/_getPrototype-a72a7427.js                    [39m[1m[2m147.59 kB[22m[1m[22m[2m │ gzip:  48.79 kB[22m[2m │ map:   426.46 kB[22m
[2mstorybook-static/[22m[36massets/config-0b0f19c7.js                           [39m[1m[2m214.20 kB[22m[1m[22m[2m │ gzip:  66.76 kB[22m[2m │ map:   807.14 kB[22m
[2mstorybook-static/[22m[36massets/jsx-runtime-55dc2444.js                      [39m[1m[2m427.60 kB[22m[1m[22m[2m │ gzip: 136.85 kB[22m[2m │ map: 1,104.31 kB[22m
[2mstorybook-static/[22m[36massets/DocsRenderer-3PUGWF3O-0f1800da.js            [39m[1m[2m429.77 kB[22m[1m[22m[2m │ gzip: 137.66 kB[22m[2m │ map: 1,060.55 kB[22m
[2mstorybook-static/[22m[36massets/formatter-SWP5E3XI-ca7b2d99.js               [39m[1m[33m601.61 kB[39m[22m[2m │ gzip: 185.03 kB[22m[2m │ map: 1,318.62 kB[22m
[2mstorybook-static/[22m[36massets/formatter-SWP5E3XI-379b4f05.js               [39m[1m[33m601.71 kB[39m[22m[2m │ gzip: 185.08 kB[22m[2m │ map: 1,318.62 kB[22m
[32m✓ built in 15.95s[39m
info => Output directory: C:\Users\pedro.silva\WebstormProjects\design-system\packages\docs\storybook-static
